Button initially disabled: True
Traceback (most recent call last):
  File "/app/jules-scratch/verification/verify_upload_button.py", line 42, in <module>
    verify_upload_button()
  File "/app/jules-scratch/verification/verify_upload_button.py", line 24, in verify_upload_button
    file_input.set_input_files(file_to_upload)
  File "/home/jules/.pyenv/versions/3.12.12/lib/python3.12/site-packages/playwright/sync_api/_generated.py", line 17635, in set_input_files
    self._sync(
  File "/home/jules/.pyenv/versions/3.12.12/lib/python3.12/site-packages/playwright/_impl/_sync_base.py", line 115, in _sync
    return task.result()
           ^^^^^^^^^^^^^
  File "/home/jules/.pyenv/versions/3.12.12/lib/python3.12/site-packages/playwright/_impl/_locator.py", line 605, in set_input_files
    return await self._frame.set_input_files(
           ^^^^^^^^^^^^^^^^^^^^^^^^^^^^^^^^^^
  File "/home/jules/.pyenv/versions/3.12.12/lib/python3.12/site-packages/playwright/_impl/_frame.py", line 786, in set_input_files
    await self._channel.send(
  File "/home/jules/.pyenv/versions/3.12.12/lib/python3.12/site-packages/playwright/_impl/_connection.py", line 69, in send
    return await self._connection.wrap_api_call(
           ^^^^^^^^^^^^^^^^^^^^^^^^^^^^^^^^^^^^^
  File "/home/jules/.pyenv/versions/3.12.12/lib/python3.12/site-packages/playwright/_impl/_connection.py", line 558, in wrap_api_call
    raise rewrite_error(error, f"{parsed_st['apiName']}: {error}") from None
playwright._impl._errors.TimeoutError: Locator.set_input_files: Timeout 30000ms exceeded.
Call log:
  - waiting for locator("#photo-upload")
    63 × locator resolved to <input multiple type="file" accept="image/*" id="photo-upload"/>
